[debug] [2019-01-29T13:57:43.376Z] ----------------------------------------------------------------------
[debug] [2019-01-29T13:57:43.378Z] Command:       /usr/local/bin/node /usr/local/bin/firebase functions:shell
[debug] [2019-01-29T13:57:43.378Z] CLI Version:   4.2.1
[debug] [2019-01-29T13:57:43.378Z] Platform:      darwin
[debug] [2019-01-29T13:57:43.378Z] Node Version:  v9.11.1
[debug] [2019-01-29T13:57:43.379Z] Time:          Tue Jan 29 2019 19:27:43 GMT+0530 (IST)
[debug] [2019-01-29T13:57:43.379Z] ----------------------------------------------------------------------
[debug] 
[debug] [2019-01-29T13:57:43.388Z] > command requires scopes: ["email","openid","https://www.googleapis.com/auth/cloudplatformprojects.readonly","https://www.googleapis.com/auth/firebase","https://www.googleapis.com/auth/cloud-platform"]
[debug] [2019-01-29T13:57:43.388Z] > authorizing via signed-in user
[debug] [2019-01-29T13:57:43.390Z] >>> HTTP REQUEST GET https://admin.firebase.com/v1/projects/gmportal-b4054  
 
[debug] [2019-01-29T13:57:44.969Z] <<< HTTP RESPONSE 200
[info] i  functions: Preparing to emulate functions.
[debug] [2019-01-29T13:57:45.469Z] Fetching environment
[debug] [2019-01-29T13:57:45.471Z] >>> HTTP REQUEST GET https://cloudresourcemanager.googleapis.com/v1/projects/gmportal-b4054  
 
[debug] [2019-01-29T13:57:47.468Z] <<< HTTP RESPONSE 200
[debug] [2019-01-29T13:57:47.469Z] >>> HTTP REQUEST GET https://mobilesdk-pa.googleapis.com/v1/projects/238141181023:getServerAppConfig  
 
[debug] [2019-01-29T13:57:47.935Z] <<< HTTP RESPONSE 200
[debug] [2019-01-29T13:57:47.936Z] Starting @google-cloud/functions-emulator
[debug] [2019-01-29T13:57:49.004Z] Parsing function triggers
[debug] [2019-01-29T13:57:49.175Z] Deploying functions locally
[info] ✔  functions: sendWelcomeEmail
